<?xml version="1.0" encoding="UTF-8"?>
<!-- Generated by org.testng.reporters.JUnitReportReporter -->
<testsuite hostname="DESKTOP-U8J6BK6" failures="0" tests="1" name="com.Demo.TerstNG_Demo" time="0.004" errors="0" timestamp="2023-10-18T10:17:30 IST" skipped="0">
  <testcase classname="com.Demo.TerstNG_Demo" name="f" time="0.004"/>
  <system-out/>
</testsuite> <!-- com.Demo.TerstNG_Demo -->
